<?xml version="1.0" encoding="UTF-8"?>
<!-- Generated by org.testng.reporters.JUnitReportReporter -->
<testsuite hostname="DESKTOP-UBR4M3D" failures="0" tests="1" name="Test_class.Patch_tc1" time="1.246" errors="0" timestamp="2023-04-06T08:54:18 IST" skipped="0">
  <testcase classname="Test_class.Patch_tc1" name="orchestrator" time="1.246"/>
  <system-out/>
</testsuite> <!-- Test_class.Patch_tc1 -->
